TingPhoneSDKTest/build/outputs/logs/manifest-merger-release-report.txt
-- Merging decision tree log ---
manifest
ADDED from TingPhoneSDKTest\AndroidManifest.xml:2:1-105:12
	package
		ADDED from TingPhoneSDKTest\AndroidManifest.xml:3:5-36
		INJECTED from TingPhoneSDKTest\AndroidManifest.xml
		INJECTED from TingPhoneSDKTest\AndroidManifest.xml
	android:versionName
		ADDED from TingPhoneSDKTest\AndroidManifest.xml:5:5-30
		INJECTED from TingPhoneSDKTest\AndroidManifest.xml
		INJECTED from TingPhoneSDKTest\AndroidManifest.xml
	android:versionCode
		ADDED from TingPhoneSDKTest\AndroidManifest.xml:4:5-28
		INJECTED from TingPhoneSDKTest\AndroidManifest.xml
		INJECTED from TingPhoneSDKTest\AndroidManifest.xml
	xmlns:android
		ADDED from TingPhoneSDKTest\AndroidManifest.xml:2:11-69
uses-sdk
ADDED from TingPhoneSDKTest\AndroidManifest.xml:7:5-9:41
	android:targetSdkVersion
		ADDED from TingPhoneSDKTest\AndroidManifest.xml:9:9-38
	android:minSdkVersion
		ADDED from TingPhoneSDKTest\AndroidManifest.xml:8:9-35
uses-permission#android.permission.INTERNET
ADDED from TingPhoneSDKTest\AndroidManifest.xml:11:5-67
	android:name
		ADDED from TingPhoneSDKTest\AndroidManifest.xml:11:22-64
uses-permission#android.permission.WRITE_EXTERNAL_STORAGE
ADDED from TingPhoneSDKTest\AndroidManifest.xml:12:5-81
	android:name
		ADDED from TingPhoneSDKTest\AndroidManifest.xml:12:22-78
uses-permission#android.permission.ACCESS_WIFI_STATE
ADDED from TingPhoneSDKTest\AndroidManifest.xml:13:5-76
	android:name
		ADDED from TingPhoneSDKTest\AndroidManifest.xml:13:22-73
uses-permission#android.permission.ACCESS_NETWORK_STATE
ADDED from TingPhoneSDKTest\AndroidManifest.xml:14:5-79
	android:name
		ADDED from TingPhoneSDKTest\AndroidManifest.xml:14:22-76
uses-permission#android.permission.CHANGE_NETWORK_STATE
ADDED from TingPhoneSDKTest\AndroidManifest.xml:15:5-79
	android:name
		ADDED from TingPhoneSDKTest\AndroidManifest.xml:15:22-76
uses-permission#android.permission.READ_PHONE_STATE
ADDED from TingPhoneSDKTest\AndroidManifest.xml:16:5-75
	android:name
		ADDED from TingPhoneSDKTest\AndroidManifest.xml:16:22-72
uses-permission#android.permission.PROCESS_OUTGOING_CALLS
ADDED from TingPhoneSDKTest\AndroidManifest.xml:17:5-81
	android:name
		ADDED from TingPhoneSDKTest\AndroidManifest.xml:17:22-78
application
ADDED from TingPhoneSDKTest\AndroidManifest.xml:19:5-103:19
	android:screenOrientation
		ADDED from TingPhoneSDKTest\AndroidManifest.xml:23:9-45
	android:label
		ADDED from TingPhoneSDKTest\AndroidManifest.xml:25:9-41
	android:fullBackupContent
		ADDED from TingPhoneSDKTest\AndroidManifest.xml:24:9-41
	android:allowBackup
		ADDED from TingPhoneSDKTest\AndroidManifest.xml:21:9-36
	android:icon
		ADDED from TingPhoneSDKTest\AndroidManifest.xml:22:9-45
	android:name
		ADDED from TingPhoneSDKTest\AndroidManifest.xml:20:9-78
meta-data#app_key
ADDED from TingPhoneSDKTest\AndroidManifest.xml:27:9-29:64
	android:value
		ADDED from TingPhoneSDKTest\AndroidManifest.xml:29:13-61
	android:name
		ADDED from TingPhoneSDKTest\AndroidManifest.xml:28:13-35
meta-data#pack_id
ADDED from TingPhoneSDKTest\AndroidManifest.xml:31:9-33:53
	android:value
		ADDED from TingPhoneSDKTest\AndroidManifest.xml:33:13-50
	android:name
		ADDED from TingPhoneSDKTest\AndroidManifest.xml:32:13-35
activity#com.ximalaya.ting.android.opensdk.test.MainFragmentActivity
ADDED from TingPhoneSDKTest\AndroidManifest.xml:35:9-44:20
	android:label
		ADDED from TingPhoneSDKTest\AndroidManifest.xml:37:13-45
	android:launchMode
		ADDED from TingPhoneSDKTest\AndroidManifest.xml:38:13-44
	android:uiOptions
		ADDED from TingPhoneSDKTest\AndroidManifest.xml:39:13-57
	android:name
		ADDED from TingPhoneSDKTest\AndroidManifest.xml:36:13-87
activity#com.ximalaya.ting.android.opensdk.test.MainActivity
ADDED from TingPhoneSDKTest\AndroidManifest.xml:45:9-54:20
	android:label
		ADDED from TingPhoneSDKTest\AndroidManifest.xml:47:13-45
	android:launchMode
		ADDED from TingPhoneSDKTest\AndroidManifest.xml:48:13-44
	android:uiOptions
		ADDED from TingPhoneSDKTest\AndroidManifest.xml:49:13-57
	android:name
		ADDED from TingPhoneSDKTest\AndroidManifest.xml:46:13-79
intent-filter#android.intent.action.MAIN+android.intent.category.LAUNCHER
ADDED from TingPhoneSDKTest\AndroidManifest.xml:50:13-53:29
action#android.intent.action.MAIN
ADDED from TingPhoneSDKTest\AndroidManifest.xml:51:17-69
	android:name
		ADDED from TingPhoneSDKTest\AndroidManifest.xml:51:25-66
category#android.intent.category.LAUNCHER
ADDED from TingPhoneSDKTest\AndroidManifest.xml:52:17-77
	android:name
		ADDED from TingPhoneSDKTest\AndroidManifest.xml:52:27-74
activity#com.ximalaya.ting.android.opensdk.auth.component.XmlyBrowserComponent
ADDED from TingPhoneSDKTest\AndroidManifest.xml:57:9-61:58
	android:exported
		ADDED from TingPhoneSDKTest\AndroidManifest.xml:60:13-37
	android:windowSoftInputMode
		ADDED from TingPhoneSDKTest\AndroidManifest.xml:61:13-55
	android:configChanges
		ADDED from TingPhoneSDKTest\AndroidManifest.xml:59:13-63
	android:name
		ADDED from TingPhoneSDKTest\AndroidManifest.xml:58:13-97
activity#com.ximalaya.ting.android.xmpayordersdk.XmPayOrderActivity
ADDED from TingPhoneSDKTest\AndroidManifest.xml:64:9-68:58
	android:exported
		ADDED from TingPhoneSDKTest\AndroidManifest.xml:67:13-37
	android:windowSoftInputMode
		ADDED from TingPhoneSDKTest\AndroidManifest.xml:68:13-55
	android:configChanges
		ADDED from TingPhoneSDKTest\AndroidManifest.xml:66:13-63
	android:name
		ADDED from TingPhoneSDKTest\AndroidManifest.xml:65:13-86
activity#com.ximalaya.ting.android.opensdk.test.download.DownloadTrackActivity
ADDED from TingPhoneSDKTest\AndroidManifest.xml:70:9-116
	android:name
		ADDED from TingPhoneSDKTest\AndroidManifest.xml:70:19-103
activity#com.ximalaya.ting.android.opensdk.test.download.DownloadActivity
ADDED from TingPhoneSDKTest\AndroidManifest.xml:71:9-110
	android:name
		ADDED from TingPhoneSDKTest\AndroidManifest.xml:71:19-98
activity#com.ximalaya.ting.android.opensdk.test.download.BatchDownloadActivity
ADDED from TingPhoneSDKTest\AndroidManifest.xml:72:9-115
	android:name
		ADDED from TingPhoneSDKTest\AndroidManifest.xml:72:19-103
activity#com.ximalaya.ting.android.opensdk.test.XMAuthDemoActivity
ADDED from TingPhoneSDKTest\AndroidManifest.xml:73:9-93
	android:name
		ADDED from TingPhoneSDKTest\AndroidManifest.xml:73:19-91
activity#com.ximalaya.ting.android.opensdk.test.pay.PayActivity
ADDED from TingPhoneSDKTest\AndroidManifest.xml:74:9-77:63
	android:exported
		ADDED from TingPhoneSDKTest\AndroidManifest.xml:76:19-43
	android:windowSoftInputMode
		ADDED from TingPhoneSDKTest\AndroidManifest.xml:77:19-61
	android:configChanges
		ADDED from TingPhoneSDKTest\AndroidManifest.xml:75:19-69
	android:name
		ADDED from TingPhoneSDKTest\AndroidManifest.xml:74:19-88
service#com.ximalaya.ting.android.opensdk.player.service.XmPlayerService
ADDED from TingPhoneSDKTest\AndroidManifest.xml:79:9-80:19
	android:process
		ADDED from TingPhoneSDKTest\AndroidManifest.xml:79:122-147
	android:exported
		ADDED from TingPhoneSDKTest\AndroidManifest.xml:79:98-121
	android:name
		ADDED from TingPhoneSDKTest\AndroidManifest.xml:79:18-97
receiver#com.ximalaya.ting.android.opensdk.player.receive.PlayerReceiver
ADDED from TingPhoneSDKTest\AndroidManifest.xml:82:9-91:20
	android:process
		ADDED from TingPhoneSDKTest\AndroidManifest.xml:83:116-141
	android:exported
		ADDED from TingPhoneSDKTest\AndroidManifest.xml:83:92-115
	android:name
		ADDED from TingPhoneSDKTest\AndroidManifest.xml:83:13-91
intent-filter#com.ximalaya.ting.android.ACTION_CLOSE+com.ximalaya.ting.android.ACTION_CONTROL_PLAY_NEXT+com.ximalaya.ting.android.ACTION_CONTROL_PLAY_PRE+com.ximalaya.ting.android.ACTION_CONTROL_RELEASE_SERVICE+com.ximalaya.ting.android.ACTION_CONTROL_START_PAUSE
ADDED from TingPhoneSDKTest\AndroidManifest.xml:84:13-90:29
action#com.ximalaya.ting.android.ACTION_CONTROL_START_PAUSE
ADDED from TingPhoneSDKTest\AndroidManifest.xml:85:17-95
	android:name
		ADDED from TingPhoneSDKTest\AndroidManifest.xml:85:25-92
action#com.ximalaya.ting.android.ACTION_CONTROL_PLAY_PRE
ADDED from TingPhoneSDKTest\AndroidManifest.xml:86:17-92
	android:name
		ADDED from TingPhoneSDKTest\AndroidManifest.xml:86:25-89
action#com.ximalaya.ting.android.ACTION_CONTROL_PLAY_NEXT
ADDED from TingPhoneSDKTest\AndroidManifest.xml:87:17-93
	android:name
		ADDED from TingPhoneSDKTest\AndroidManifest.xml:87:25-90
action#com.ximalaya.ting.android.ACTION_CLOSE
ADDED from TingPhoneSDKTest\AndroidManifest.xml:88:17-81
	android:name
		ADDED from TingPhoneSDKTest\AndroidManifest.xml:88:25-78
action#com.ximalaya.ting.android.ACTION_CONTROL_RELEASE_SERVICE
ADDED from TingPhoneSDKTest\AndroidManifest.xml:89:17-99
	android:name
		ADDED from TingPhoneSDKTest\AndroidManifest.xml:89:25-96
receiver#com.ximalaya.ting.android.opensdk.player.receive.WireControlReceiver
ADDED from TingPhoneSDKTest\AndroidManifest.xml:93:9-95:45
	android:process
		ADDED from TingPhoneSDKTest\AndroidManifest.xml:94:19-44
	android:exported
		ADDED from TingPhoneSDKTest\AndroidManifest.xml:95:19-42
	android:name
		ADDED from TingPhoneSDKTest\AndroidManifest.xml:93:19-102
receiver#com.ximalaya.ting.android.opensdk.test.reciver.MyPlayerReceiver
ADDED from TingPhoneSDKTest\AndroidManifest.xml:97:9-101:20
	android:process
		ADDED from TingPhoneSDKTest\AndroidManifest.xml:97:122-147
	android:exported
		ADDED from TingPhoneSDKTest\AndroidManifest.xml:97:98-121
	android:name
		ADDED from TingPhoneSDKTest\AndroidManifest.xml:97:19-97
intent-filter#com.ccbjb.ximalayasis.Action_Close
ADDED from TingPhoneSDKTest\AndroidManifest.xml:98:13-100:29
action#com.ccbjb.ximalayasis.Action_Close
ADDED from TingPhoneSDKTest\AndroidManifest.xml:99:17-76
	android:name
		ADDED from TingPhoneSDKTest\AndroidManifest.xml:99:25-74